# JRE version: OpenJDK Runtime Environment Corretto-11.0.18.10.1 (11.0.18+10) (build 11.0.18+10-LTS)
# Java VM: OpenJDK 64-Bit Server VM Corretto-11.0.18.10.1 (11.0.18+10-LTS, mixed mode, tiered, compressed oops, g1 gc, windows-amd64)
Heap:
 garbage-first heap   total 157696K, used 16011K [0x0000000081e00000, 0x0000000100000000)
  region size 1024K, 7 young (7168K), 7 survivors (7168K)
 Metaspace       used 35063K, capacity 36023K, committed 36048K, reserved 1081344K
  class space    used 4113K, capacity 4535K, committed 4560K, reserved 1048576K
GC Heap History (11 events):
Event: 1.110 GC heap before
{Heap before GC invocations=0 (full 0):
 garbage-first heap   total 131072K, used 14336K [0x0000000081e00000, 0x0000000100000000)
  region size 1024K, 14 young (14336K), 0 survivors (0K)
 Metaspace       used 9710K, capacity 9880K, committed 10240K, reserved 1058816K
  class space    used 861K, capacity 905K, committed 1024K, reserved 1048576K
}
Event: 1.142 GC heap after
{Heap after GC invocations=1 (full 0):
 garbage-first heap   total 131072K, used 6323K [0x0000000081e00000, 0x0000000100000000)
  region size 1024K, 2 young (2048K), 2 survivors (2048K)
 Metaspace       used 9710K, capacity 9880K, committed 10240K, reserved 1058816K
  class space    used 861K, capacity 905K, committed 1024K, reserved 1048576K
}
Event: 2.905 GC heap before
{Heap before GC invocations=1 (full 0):
 garbage-first heap   total 131072K, used 53427K [0x0000000081e00000, 0x0000000100000000)
  region size 1024K, 50 young (51200K), 2 survivors (2048K)
 Metaspace       used 20703K, capacity 21145K, committed 21296K, reserved 1069056K
  class space    used 2228K, capacity 2406K, committed 2432K, reserved 1048576K
}
Event: 2.920 GC heap after
{Heap after GC invocations=2 (full 0):
 garbage-first heap   total 131072K, used 8984K [0x0000000081e00000, 0x0000000100000000)
  region size 1024K, 5 young (5120K), 5 survivors (5120K)
 Metaspace       used 20703K, capacity 21145K, committed 21296K, reserved 1069056K
  class space    used 2228K, capacity 2406K, committed 2432K, reserved 1048576K
}
Event: 3.237 GC heap before
{Heap before GC invocations=3 (full 0):
 garbage-first heap   total 131072K, used 28440K [0x0000000081e00000, 0x0000000100000000)
  region size 1024K, 24 young (24576K), 5 survivors (5120K)
 Metaspace       used 23907K, capacity 24471K, committed 24704K, reserved 1071104K
  class space    used 2635K, capacity 2853K, committed 2944K, reserved 1048576K
}
Event: 3.248 GC heap after
{Heap after GC invocations=4 (full 0):
 garbage-first heap   total 131072K, used 9501K [0x0000000081e00000, 0x0000000100000000)
  region size 1024K, 1 young (1024K), 1 survivors (1024K)
 Metaspace       used 23907K, capacity 24471K, committed 24704K, reserved 1071104K
  class space    used 2635K, capacity 2853K, committed 2944K, reserved 1048576K
}
Event: 4.647 GC heap before
{Heap before GC invocations=4 (full 0):
 garbage-first heap   total 131072K, used 62749K [0x0000000081e00000, 0x0000000100000000)
  region size 1024K, 53 young (54272K), 1 survivors (1024K)
 Metaspace       used 27167K, capacity 27792K, committed 27904K, reserved 1073152K
  class space    used 3016K, capacity 3254K, committed 3328K, reserved 1048576K
}
Event: 4.655 GC heap after
{Heap after GC invocations=5 (full 0):
 garbage-first heap   total 131072K, used 12014K [0x0000000081e00000, 0x0000000100000000)
  region size 1024K, 4 young (4096K), 4 survivors (4096K)
 Metaspace       used 27167K, capacity 27792K, committed 27904K, reserved 1073152K
  class space    used 3016K, capacity 3254K, committed 3328K, reserved 1048576K
}
Event: 6.581 GC heap before
{Heap before GC invocations=5 (full 0):
 garbage-first heap   total 131072K, used 72430K [0x0000000081e00000, 0x0000000100000000)
  region size 1024K, 63 young (64512K), 4 survivors (4096K)
 Metaspace       used 33331K, capacity 34167K, committed 34432K, reserved 1079296K
  class space    used 3851K, capacity 4189K, committed 4224K, reserved 1048576K
}
Event: 6.595 GC heap after
{Heap after GC invocations=6 (full 0):
 garbage-first heap   total 131072K, used 14527K [0x0000000081e00000, 0x0000000100000000)
  region size 1024K, 6 young (6144K), 6 survivors (6144K)
 Metaspace       used 33331K, capacity 34167K, committed 34432K, reserved 1079296K
  class space    used 3851K, capacity 4189K, committed 4224K, reserved 1048576K
}
Event: 7.019 GC heap before
{Heap before GC invocations=6 (full 0):
 garbage-first heap   total 131072K, used 24767K [0x0000000081e00000, 0x0000000100000000)
  region size 1024K, 17 young (17408K), 6 survivors (6144K)
 Metaspace       used 35063K, capacity 36023K, committed 36048K, reserved 1081344K
  class space    used 4113K, capacity 4535K, committed 4560K, reserved 1048576K
}

