# JRE version: OpenJDK Runtime Environment Corretto-11.0.18.10.1 (11.0.18+10) (build 11.0.18+10-LTS)
# Java VM: OpenJDK 64-Bit Server VM Corretto-11.0.18.10.1 (11.0.18+10-LTS, mixed mode, tiered, compressed oops, g1 gc, windows-amd64)
Heap:
 garbage-first heap   total 131072K, used 31227K [0x0000000081e00000, 0x0000000100000000)
  region size 1024K, 26 young (26624K), 7 survivors (7168K)
 Metaspace       used 30695K, capacity 31472K, committed 31664K, reserved 1077248K
  class space    used 3488K, capacity 3815K, committed 3840K, reserved 1048576K
GC Heap History (12 events):
Event: 1.639 GC heap before
{Heap before GC invocations=0 (full 0):
 garbage-first heap   total 131072K, used 14336K [0x0000000081e00000, 0x0000000100000000)
  region size 1024K, 14 young (14336K), 0 survivors (0K)
 Metaspace       used 9704K, capacity 9877K, committed 10240K, reserved 1058816K
  class space    used 861K, capacity 904K, committed 1024K, reserved 1048576K
}
Event: 1.647 GC heap after
{Heap after GC invocations=1 (full 0):
 garbage-first heap   total 131072K, used 6369K [0x0000000081e00000, 0x0000000100000000)
  region size 1024K, 2 young (2048K), 2 survivors (2048K)
 Metaspace       used 9704K, capacity 9877K, committed 10240K, reserved 1058816K
  class space    used 861K, capacity 904K, committed 1024K, reserved 1048576K
}
Event: 1.832 GC heap before
{Heap before GC invocations=1 (full 0):
 garbage-first heap   total 131072K, used 10465K [0x0000000081e00000, 0x0000000100000000)
  region size 1024K, 6 young (6144K), 2 survivors (2048K)
 Metaspace       used 10599K, capacity 10799K, committed 11008K, reserved 1058816K
  class space    used 968K, capacity 1023K, committed 1024K, reserved 1048576K
}
Event: 1.836 GC heap after
{Heap after GC invocations=2 (full 0):
 garbage-first heap   total 131072K, used 6919K [0x0000000081e00000, 0x0000000100000000)
  region size 1024K, 1 young (1024K), 1 survivors (1024K)
 Metaspace       used 10599K, capacity 10799K, committed 11008K, reserved 1058816K
  class space    used 968K, capacity 1023K, committed 1024K, reserved 1048576K
}
Event: 2.727 GC heap before
{Heap before GC invocations=2 (full 0):
 garbage-first heap   total 131072K, used 28423K [0x0000000081e00000, 0x0000000100000000)
  region size 1024K, 22 young (22528K), 1 survivors (1024K)
 Metaspace       used 16150K, capacity 16526K, committed 16640K, reserved 1064960K
  class space    used 1649K, capacity 1775K, committed 1792K, reserved 1048576K
}
Event: 2.732 GC heap after
{Heap after GC invocations=3 (full 0):
 garbage-first heap   total 131072K, used 8124K [0x0000000081e00000, 0x0000000100000000)
  region size 1024K, 2 young (2048K), 2 survivors (2048K)
 Metaspace       used 16150K, capacity 16526K, committed 16640K, reserved 1064960K
  class space    used 1649K, capacity 1775K, committed 1792K, reserved 1048576K
}
Event: 3.501 GC heap before
{Heap before GC invocations=3 (full 0):
 garbage-first heap   total 131072K, used 30652K [0x0000000081e00000, 0x0000000100000000)
  region size 1024K, 26 young (26624K), 2 survivors (2048K)
 Metaspace       used 20718K, capacity 21211K, committed 21296K, reserved 1069056K
  class space    used 2229K, capacity 2407K, committed 2432K, reserved 1048576K
}
Event: 3.524 GC heap after
{Heap after GC invocations=4 (full 0):
 garbage-first heap   total 131072K, used 9016K [0x0000000081e00000, 0x0000000100000000)
  region size 1024K, 3 young (3072K), 3 survivors (3072K)
 Metaspace       used 20718K, capacity 21211K, committed 21296K, reserved 1069056K
  class space    used 2229K, capacity 2407K, committed 2432K, reserved 1048576K
}
Event: 4.857 GC heap before
{Heap before GC invocations=5 (full 0):
 garbage-first heap   total 131072K, used 48952K [0x0000000081e00000, 0x0000000100000000)
  region size 1024K, 42 young (43008K), 3 survivors (3072K)
 Metaspace       used 25513K, capacity 26144K, committed 26288K, reserved 1073152K
  class space    used 2826K, capacity 3069K, committed 3072K, reserved 1048576K
}
Event: 4.868 GC heap after
{Heap after GC invocations=6 (full 0):
 garbage-first heap   total 131072K, used 10504K [0x0000000081e00000, 0x0000000100000000)
  region size 1024K, 4 young (4096K), 4 survivors (4096K)
 Metaspace       used 25513K, capacity 26144K, committed 26288K, reserved 1073152K
  class space    used 2826K, capacity 3069K, committed 3072K, reserved 1048576K
}
Event: 6.256 GC heap before
{Heap before GC invocations=6 (full 0):
 garbage-first heap   total 131072K, used 66824K [0x0000000081e00000, 0x0000000100000000)
  region size 1024K, 59 young (60416K), 4 survivors (4096K)
 Metaspace       used 28807K, capacity 29462K, committed 29616K, reserved 1075200K
  class space    used 3220K, capacity 3489K, committed 3584K, reserved 1048576K
}
Event: 6.271 GC heap after
{Heap after GC invocations=7 (full 0):
 garbage-first heap   total 131072K, used 12795K [0x0000000081e00000, 0x0000000100000000)
  region size 1024K, 7 young (7168K), 7 survivors (7168K)
 Metaspace       used 28807K, capacity 29462K, committed 29616K, reserved 1075200K
  class space    used 3220K, capacity 3489K, committed 3584K, reserved 1048576K
}

